1	1	"About"	"/title.html"
1	1	"Index"	"/aindex.html"
1	2	"UserMode"	""
2	2	"NTDLL"	""
3	2	"APC"	""
4	1	"KiUserApcDispatcher"	"/UserMode/Undocumented Functions/APC/KiUserApcDispatcher.html"
4	1	"NtAlertThread"	"/UserMode/Undocumented Functions/APC/NtAlertThread.html"
4	1	"NtCallbackReturn"	"/UserMode/Undocumented Functions/APC/NtCallbackReturn.html"
4	1	"NtQueueApcThread"	"/UserMode/Undocumented Functions/APC/NtQueueApcThread.html"
4	1	"NtTestAlert"	"/UserMode/Undocumented Functions/APC/NtTestAlert.html"
3	2	"Atoms"	""
4	1	"NtAddAtom"	"/UserMode/Undocumented Functions/Atoms/NtAddAtom.html"
4	1	"NtDeleteAtom"	"/UserMode/Undocumented Functions/Atoms/NtDeleteAtom.html"
4	1	"NtFindAtom"	"/UserMode/Undocumented Functions/Atoms/NtFindAtom.html"
4	1	"NtQueryInformationAtom"	"/UserMode/Undocumented Functions/Atoms/NtQueryInformationAtom.html"
4	2	"Enumerations"	""
5	1	"ATOM_INFORMATION_CLASS"	"/UserMode/Undocumented Functions/Atoms/ATOM_INFORMATION_CLASS.html"
4	2	"Structures"	""
5	1	"ATOM_BASIC_INFORMATION"	"/UserMode/Undocumented Functions/Atoms/ATOM_BASIC_INFORMATION.html"
5	1	"ATOM_TABLE_INFORMATION"	"/UserMode/Undocumented Functions/Atoms/ATOM_TABLE_INFORMATION.html"
3	2	"Compression"	""
4	1	"RtlCompressBuffer"	"/UserMode/Undocumented Functions/Compression/RtlCompressBuffer.html"
4	1	"RtlDecompressBuffer"	"/UserMode/Undocumented Functions/Compression/RtlDecompressBuffer.html"
4	1	"RtlGetCompressionWorkSpaceSize"	"/UserMode/Undocumented Functions/Compression/RtlGetCompressionWorkSpaceSize.html"
3	2	"Debug"	""
4	1	"DbgPrint"	"/UserMode/Undocumented Functions/Debug/DbgPrint.html"
4	1	"NtSystemDebugControl"	"/UserMode/Undocumented Functions/Debug/NtSystemDebugControl.html"
4	1	"RtlCaptureStackBackTrace"	"/UserMode/Undocumented Functions/Debug/RtlCaptureStackBackTrace.html"
4	1	"RtlGetCallersAddress"	"/UserMode/Undocumented Functions/Debug/RtlGetCallersAddress.html"
4	2	"Enumerations"	""
5	1	"SYSDBG_COMMAND"	"/UserMode/Undocumented Functions/Debug/SYSDBG_COMMAND.html"
4	2	"Structures"	""
3	2	"Error Handling"	""
4	1	"NtDisplayString"	"/UserMode/Undocumented Functions/Error/NtDisplayString.html"
4	1	"NtRaiseException"	"/UserMode/Undocumented Functions/Error/NtRaiseException.html"
4	1	"NtRaiseHardError"	"/UserMode/Undocumented Functions/Error/NtRaiseHardError.html"
4	1	"NtSetDefaultHardErrorPort"	"/UserMode/Undocumented Functions/Error/NtSetDefaultHardErrorPort.html"
4	2	"Enumerations"	""
5	1	"HARDERROR_RESPONSE"	"/UserMode/Undocumented Functions/Error/HARDERROR_RESPONSE.html"
5	1	"HARDERROR_RESPONSE_OPTION"	"/UserMode/Undocumented Functions/Error/HARDERROR_RESPONSE_OPTION.html"
4	2	"Structures"	""
5	1	"HARDERROR_MSG"	"/UserMode/Undocumented Functions/Error/HARDERROR_MSG.html"
3	2	"Executable images"	""
4	2	"Environment"	""
5	1	"NtQuerySystemEnvironmentValue"	"/UserMode/Undocumented Functions/Executable Images/Environment/NtQuerySystemEnvironmentValue.html"
5	1	"NtSetSystemEnvironmentValue"	"/UserMode/Undocumented Functions/Executable Images/Environment/NtSetSystemEnvironmentValue.html"
5	1	"RtlCreateEnvironment"	"/UserMode/Undocumented Functions/Executable Images/Environment/RtlCreateEnvironment.html"
5	1	"RtlDestroyEnvironment"	"/UserMode/Undocumented Functions/Executable Images/Environment/RtlDestroyEnvironment.html"
5	1	"RtlExpandEnvironmentStrings_U"	"/UserMode/Undocumented Functions/Executable Images/Environment/RtlExpandEnvironmentStrings_U.html"
5	1	"RtlQueryEnvironmentVariable_U"	"/UserMode/Undocumented Functions/Executable Images/Environment/RtlQueryEnvironmentVariable_U.html"
5	1	"RtlSetCurrentEnvironment"	"/UserMode/Undocumented Functions/Executable Images/Environment/RtlSetCurrentEnvironment.html"
5	1	"RtlSetEnvironmentVariable"	"/UserMode/Undocumented Functions/Executable Images/Environment/RtlSetEnvironmentVariable.html"
4	1	"LdrGetDllHandle"	"/UserMode/Undocumented Functions/Executable Images/LdrGetDllHandle.html"
4	1	"LdrGetProcedureAddress"	"/UserMode/Undocumented Functions/Executable Images/LdrGetProcedureAddress.html"
4	1	"LdrLoadDll"	"/UserMode/Undocumented Functions/Executable Images/LdrLoadDll.html"
4	1	"LdrQueryProcessModuleInformation"	"/UserMode/Undocumented Functions/Executable Images/LdrQueryProcessModuleInformation.html"
4	1	"LdrShutdownProcess"	"/UserMode/Undocumented Functions/Executable Images/LdrShutdownProcess.html"
4	1	"LdrShutdownThread"	"/UserMode/Undocumented Functions/Executable Images/LdrShutdownThread.html"
4	1	"LdrUnloadDll"	"/UserMode/Undocumented Functions/Executable Images/LdrUnloadDll.html"
4	1	"NtLoadDriver"	"/UserMode/Undocumented Functions/Executable Images/NtLoadDriver.html"
4	1	"NtUnloadDriver"	"/UserMode/Undocumented Functions/Executable Images/NtUnloadDriver.html"
4	1	"RtlImageNtHeader"	"/UserMode/Undocumented Functions/Executable Images/RtlImageNtHeader.html"
4	1	"RtlImageRvaToVa"	"/UserMode/Undocumented Functions/Executable Images/RtlImageRvaToVa.html"
3	2	"Hardware Control"	""
4	1	"NtFlushWriteBuffer"	"/UserMode/Undocumented Functions/Hardware/NtFlushWriteBuffer.html"
4	1	"NtShutdownSystem"	"/UserMode/Undocumented Functions/Hardware/NtShutdownSystem.html"
4	2	"Enumerations"	""
5	1	"SHUTDOWN_ACTION"	"/UserMode/Undocumented Functions/Hardware/SHUTDOWN_ACTION.html"
4	2	"Structures"	""
3	2	"Locale"	""
4	1	"NtQueryDefaultLocale"	"/UserMode/Undocumented Functions/Locale/NtQueryDefaultLocale.html"
4	1	"NtSetDefaultLocale"	"/UserMode/Undocumented Functions/Locale/NtSetDefaultLocale.html"
3	2	"Memory Management"	""
4	2	"Heap Memory"	""
5	1	"RtlAllocateHeap"	"/UserMode/Undocumented Functions/Memory Management/Heap Memory/RtlAllocateHeap.html"
5	1	"RtlCompactHeap"	"/UserMode/Undocumented Functions/Memory Management/Heap Memory/RtlCompactHeap.html"
5	1	"RtlCreateHeap"	"/UserMode/Undocumented Functions/Memory Management/Heap Memory/RtlCreateHeap.html"
5	1	"RtlDestroyHeap"	"/UserMode/Undocumented Functions/Memory Management/Heap Memory/RtlDestroyHeap.html"
5	1	"RtlEnumProcessHeaps"	"/UserMode/Undocumented Functions/Memory Management/Heap Memory/RtlEnumProcessHeaps.html"
5	1	"RtlFreeHeap"	"/UserMode/Undocumented Functions/Memory Management/Heap Memory/RtlFreeHeap.html"
5	1	"RtlGetProcessHeaps"	"/UserMode/Undocumented Functions/Memory Management/Heap Memory/RtlGetProcessHeaps.html"
5	1	"RtlLockHeap"	"/UserMode/Undocumented Functions/Memory Management/Heap Memory/RtlLockHeap.html"
5	1	"RtlProtectHeap"	"/UserMode/Undocumented Functions/Memory Management/Heap Memory/RtlProtectHeap.html"
5	1	"RtlReAllocateHeap"	"/UserMode/Undocumented Functions/Memory Management/Heap Memory/RtlReAllocateHeap.html"
5	1	"RtlSizeHeap"	"/UserMode/Undocumented Functions/Memory Management/Heap Memory/RtlSizeHeap.html"
5	1	"RtlUnlockHeap"	"/UserMode/Undocumented Functions/Memory Management/Heap Memory/RtlUnlockHeap.html"
5	1	"RtlValidateHeap"	"/UserMode/Undocumented Functions/Memory Management/Heap Memory/RtlValidateHeap.html"
5	1	"RtlValidateProcessHeaps"	"/UserMode/Undocumented Functions/Memory Management/Heap Memory/RtlValidateProcessHeaps.html"
5	1	"RtlWalkHeap"	"/UserMode/Undocumented Functions/Memory Management/Heap Memory/RtlWalkHeap.html"
5	2	"Structures"	""
6	1	"RTL_HEAP_DEFINITION"	"/UserMode/Structures/RTL_HEAP_DEFINITION.html"
4	2	"Virtual Memory"	""
5	1	"NtAllocateVirtualMemory"	"/UserMode/Undocumented Functions/Memory Management/Virtual Memory/NtAllocateVirtualMemory.html"
5	1	"NtFlushVirtualMemory"	"/UserMode/Undocumented Functions/Memory Management/Virtual Memory/NtFlushVirtualMemory.html"
5	1	"NtFreeVirtualMemory"	"/UserMode/Undocumented Functions/Memory Management/Virtual Memory/NtFreeVirtualMemory.html"
5	1	"NtLockVirtualMemory"	"/UserMode/Undocumented Functions/Memory Management/Virtual Memory/NtLockVirtualMemory.html"
5	1	"NtProtectVirtualMemory"	"/UserMode/Undocumented Functions/Memory Management/Virtual Memory/NtProtectVirtualMemory.html"
5	1	"NtQueryVirtualMemory"	"/UserMode/Undocumented Functions/Memory Management/Virtual Memory/NtQueryVirtualMemory.html"
5	1	"NtReadVirtualMemory"	"/UserMode/Undocumented Functions/Memory Management/Virtual Memory/NtReadVirtualMemory.html"
5	1	"NtUnlockVirtualMemory"	"/UserMode/Undocumented Functions/Memory Management/Virtual Memory/NtUnlockVirtualMemory.html"
5	1	"NtWriteVirtualMemory"	"/UserMode/Undocumented Functions/Memory Management/Virtual Memory/NtWriteVirtualMemory.html"
5	2	"Enumerations"	""
6	1	"MEMORY_INFORMATION_CLASS"	"/UserMode/Undocumented Functions/Memory Management/Virtual Memory/MEMORY_INFORMATION_CLASS.html"
5	2	"Structures"	""
6	1	"MEMORY_BASIC_INFORMATION"	"/UserMode/Undocumented Functions/Memory Management/Virtual Memory/MEMORY_BASIC_INFORMATION.html"
3	2	"NT Objects"	""
4	1	"Other object functions"	"/UserMode/Undocumented Functions/NT Objects/OtherObjectFunctions.html"
4	2	"Type Independed"	""
5	1	"NtClose"	"/UserMode/Undocumented Functions/NT Objects/Type independed/NtClose.html"
5	1	"NtDuplicateObject"	"/UserMode/Undocumented Functions/NT Objects/Type independed/NtDuplicateObject.html"
5	1	"NtMakeTemporaryObject"	"/UserMode/Undocumented Functions/NT Objects/Type independed/NtMakeTemporaryObject.html"
5	1	"NtQueryObject"	"/UserMode/Undocumented Functions/NT Objects/Type independed/NtQueryObject.html"
5	1	"NtSetInformationObject"	"/UserMode/Undocumented Functions/NT Objects/Type independed/NtSetInformationObject.html"
5	1	"NtSignalAndWaitForSingleObject"	"/UserMode/Undocumented Functions/NT Objects/Type independed/NtSignalAndWaitForSingleObject.html"
5	1	"NtWaitForMultipleObjects"	"/UserMode/Undocumented Functions/NT Objects/Type independed/NtWaitForMultipleObjects.html"
5	1	"NtWaitForSingleObject"	"/UserMode/Undocumented Functions/NT Objects/Type independed/NtWaitForSingleObject.html"
5	2	"Enumerations"	""
6	1	"OBJECT_INFORMATION_CLASS"	"/UserMode/Undocumented Functions/NT Objects/Type independed/OBJECT_INFORMATION_CLASS.html"
6	1	"OBJECT_WAIT_TYPE"	"/UserMode/Undocumented Functions/NT Objects/Type independed/OBJECT_WAIT_TYPE.html"
5	2	"Structures"	""
6	1	"OBJECT_BASIC_INFORMATION"	"/UserMode/Undocumented Functions/NT Objects/Type independed/OBJECT_BASIC_INFORMATION.html"
6	1	"OBJECT_NAME_INFORMATION"	"/UserMode/Undocumented Functions/NT Objects/Type independed/OBJECT_NAME_INFORMATION.html"
4	2	"DebugObject"	""
5	2	"Enumerations"	""
6	1	"DBG_STATE"	"/UserMode/Undocumented Functions/NT Objects/DebugObject/DBG_STATE.html"
4	2	"DirectoryObject"	""
5	1	"NtCreateDirectoryObject"	"/UserMode/Undocumented Functions/NT Objects/DirectoryObject/NtCreateDirectoryObject.html"
5	1	"NtOpenDirectoryObject"	"/UserMode/Undocumented Functions/NT Objects/DirectoryObject/NtOpenDirectoryObject.html"
5	1	"NtQueryDirectoryObject"	"/UserMode/Undocumented Functions/NT Objects/DirectoryObject/NtQueryDirectoryObject.html"
5	2	"Structures"	""
6	1	"OBJDIR_INFORMATION"	"/UserMode/Structures/OBJDIR_INFORMATION.html"
4	2	"Event"	""
5	1	"NtClearEvent"	"/UserMode/Undocumented Functions/NT Objects/Event/NtClearEvent.html"
5	1	"NtCreateEvent"	"/UserMode/Undocumented Functions/NT Objects/Event/NtCreateEvent.html"
5	1	"NtOpenEvent"	"/UserMode/Undocumented Functions/NT Objects/Event/NtOpenEvent.html"
5	1	"NtPulseEvent"	"/UserMode/Undocumented Functions/NT Objects/Event/NtPulseEvent.html"
5	1	"NtQueryEvent"	"/UserMode/Undocumented Functions/NT Objects/Event/NtQueryEvent.html"
5	1	"NtResetEvent"	"/UserMode/Undocumented Functions/NT Objects/Event/NtResetEvent.html"
5	1	"NtSetEvent"	"/UserMode/Undocumented Functions/NT Objects/Event/NtSetEvent.html"
5	1	"NtSetEventBoostPriority"	"/UserMode/Undocumented Functions/NT Objects/Event/NtSetEventBoostPriority.html"
5	2	"Enumerations"	""
6	1	"EVENT_INFORMATION_CLASS"	"/UserMode/Undocumented Functions/NT Objects/Event/EVENT_INFORMATION_CLASS.html"
6	1	"EVENT_TYPE"	"/UserMode/Undocumented Functions/NT Objects/Event/EVENT_TYPE.html"
5	2	"Structures"	""
6	1	"EVENT_BASIC_INFORMATION"	"/UserMode/Undocumented Functions/NT Objects/Event/EVENT_BASIC_INFORMATION.html"
4	2	"EventPair"	""
5	1	"NtCreateEventPair"	"/UserMode/Undocumented Functions/NT Objects/EventPair/NtCreateEventPair.html"
5	1	"NtOpenEventPair"	"/UserMode/Undocumented Functions/NT Objects/EventPair/NtOpenEventPair.html"
5	1	"NtSetHighEventPair"	"/UserMode/Undocumented Functions/NT Objects/EventPair/NtSetHighEventPair.html"
5	1	"NtSetHighWaitLowEventPair"	"/UserMode/Undocumented Functions/NT Objects/EventPair/NtSetHighWaitLowEventPair.html"
5	1	"NtSetHighWaitLowThread"	"/UserMode/Undocumented Functions/NT Objects/EventPair/NtSetHighWaitLowThread.html"
5	1	"NtSetLowEventPair"	"/UserMode/Undocumented Functions/NT Objects/EventPair/NtSetLowEventPair.html"
5	1	"NtSetLowWaitHighEventPair"	"/UserMode/Undocumented Functions/NT Objects/EventPair/NtSetLowWaitHighEventPair.html"
5	1	"NtSetLowWaitHighThread"	"/UserMode/Undocumented Functions/NT Objects/EventPair/NtSetLowWaitHighThread.html"
5	1	"NtWaitHighEventPair"	"/UserMode/Undocumented Functions/NT Objects/EventPair/NtWaitHighEventPair.html"
5	1	"NtWaitLowEventPair"	"/UserMode/Undocumented Functions/NT Objects/EventPair/NtWaitLowEventPair.html"
4	2	"File"	""
5	1	"NtCancelIoFile"	"/UserMode/Undocumented Functions/NT Objects/File/NtCancelIoFile.html"
5	1	"NtCreateFile"	"/UserMode/Undocumented Functions/NT Objects/File/NtCreateFile.html"
5	1	"NtCreateMailslotFile"	"/UserMode/Undocumented Functions/NT Objects/File/NtCreateMailslotFile.html"
5	1	"NtCreateNamedPipeFile"	"/UserMode/Undocumented Functions/NT Objects/File/NtCreateNamedPipeFile.html"
5	1	"NtCreatePagingFile"	"/UserMode/Undocumented Functions/NT Objects/File/NtCreatePagingFile.html"
5	1	"NtDeleteFile"	"/UserMode/Undocumented Functions/NT Objects/File/NtDeleteFile.html"
5	1	"NtDeviceIoControlFile"	"/UserMode/Undocumented Functions/NT Objects/File/NtDeviceIoControlFile.html"
5	1	"NtFlushBuffersFile"	"/UserMode/Undocumented Functions/NT Objects/File/NtFlushBuffersFile.html"
5	1	"NtFsControlFile"	"/UserMode/Undocumented Functions/NT Objects/File/NtFsControlFile.html"
5	1	"NtLockFile"	"/UserMode/Undocumented Functions/NT Objects/File/NtLockFile.html"
5	1	"NtNotifyChangeDirectoryFile"	"/UserMode/Undocumented Functions/NT Objects/File/NtNotifyChangeDirectoryFile.html"
5	1	"NtOpenFile"	"/UserMode/Undocumented Functions/NT Objects/File/NtOpenFile.html"
5	1	"NtQueryAttributesFile"	"/UserMode/Undocumented Functions/NT Objects/File/NtQueryAttributesFile.html"
5	1	"NtQueryDirectoryFile"	"/UserMode/Undocumented Functions/NT Objects/File/NtQueryDirectoryFile.html"
5	1	"NtQueryEaFile"	"/UserMode/Undocumented Functions/NT Objects/File/NtQueryEaFile.html"
5	1	"NtQueryFullAttributesFile"	"/UserMode/Undocumented Functions/NT Objects/File/NtQueryFullAttributesFile.html"
5	1	"NtQueryInformationFile"	"/UserMode/Undocumented Functions/NT Objects/File/NtQueryInformationFile.html"
5	1	"NtQueryOleDirectoryFile"	"/UserMode/Undocumented Functions/NT Objects/File/NtQueryOleDirectoryFile.html"
5	1	"NtQueryVolumeInformationFile"	"/UserMode/Undocumented Functions/NT Objects/File/NtQueryVolumeInformationFile.html"
5	1	"NtReadFile"	"/UserMode/Undocumented Functions/NT Objects/File/NtReadFile.html"
5	1	"NtReadFileScatter"	"/UserMode/Undocumented Functions/NT Objects/File/NtReadFileScatter.html"
5	1	"NtSetEaFile"	"/UserMode/Undocumented Functions/NT Objects/File/NtSetEaFile.html"
5	1	"NtSetInformationFile"	"/UserMode/Undocumented Functions/NT Objects/File/NtSetInformationFile.html"
5	1	"NtSetVolumeInformationFile"	"/UserMode/Undocumented Functions/NT Objects/File/NtSetVolumeInformationFile.html"
5	1	"NtUnlockFile"	"/UserMode/Undocumented Functions/NT Objects/File/NtUnlockFile.html"
5	1	"NtWriteFile"	"/UserMode/Undocumented Functions/NT Objects/File/NtWriteFile.html"
5	1	"NtWriteFileGather"	"/UserMode/Undocumented Functions/NT Objects/File/NtWriteFileGather.html"
5	2	"Enumerations"	""
6	1	"FILE_INFORMATION_CLASS"	"/UserMode/Undocumented Functions/NT Objects/File/FILE_INFORMATION_CLASS.html"
6	1	"FS_INFORMATION_CLASS"	"/UserMode/Undocumented Functions/NT Objects/File/FS_INFORMATION_CLASS.html"
5	2	"Structures"	""
6	1	"FILE_BASIC_INFORMATION"	"/UserMode/Undocumented Functions/NT Objects/File/FILE_BASIC_INFORMATION.html"
6	1	"FILE_BOTH_DIR_INFORMATION"	"/UserMode/Undocumented Functions/NT Objects/File/FILE_BOTH_DIR_INFORMATION.html"
6	1	"FILE_DIRECTORY_INFORMATION"	"/UserMode/Undocumented Functions/NT Objects/File/FILE_DIRECTORY_INFORMATION.html"
6	1	"FILE_FS_ATTRIBUTE_INFORMATION"	"/UserMode/Undocumented Functions/NT Objects/File/FILE_FS_ATTRIBUTE_INFORMATION.html"
6	1	"FILE_FS_CONTROL_INFORMATION"	"/UserMode/Undocumented Functions/NT Objects/File/FILE_FS_CONTROL_INFORMATION.html"
6	1	"FILE_FS_DEVICE_INFORMATION"	"/UserMode/Undocumented Functions/NT Objects/File/FILE_FS_DEVICE_INFORMATION.html"
6	1	"FILE_FS_LABEL_INFORMATION"	"/UserMode/Undocumented Functions/NT Objects/File/FILE_FS_LABEL_INFORMATION.html"
6	1	"FILE_FS_SIZE_INFORMATION"	"/UserMode/Undocumented Functions/NT Objects/File/FILE_FS_SIZE_INFORMATION.html"
6	1	"FILE_FS_VOLUME_INFORMATION"	"/UserMode/Undocumented Functions/NT Objects/File/FILE_FS_VOLUME_INFORMATION.html"
6	1	"FILE_FULL_DIR_INFORMATION"	"/UserMode/Undocumented Functions/NT Objects/File/FILE_FULL_DIR_INFORMATION.html"
6	1	"FILE_FULL_EA_INFORMATION"	"/UserMode/Undocumented Functions/NT Objects/File/FILE_FULL_EA_INFORMATION.html"
6	1	"FILE_GET_EA_INFORMATION"	"/UserMode/Undocumented Functions/NT Objects/File/FILE_GET_EA_INFORMATION.html"
6	1	"FILE_INTERNAL_INFORMATION"	"/UserMode/Undocumented Functions/NT Objects/File/FILE_INTERNAL_INFORMATION.html"
6	1	"FILE_LINK_INFORMATION"	"/UserMode/Undocumented Functions/NT Objects/File/FILE_LINK_INFORMATION.html"
6	1	"FILE_NAME_INFORMATION"	"/UserMode/Undocumented Functions/NT Objects/File/FILE_NAME_INFORMATION.html"
6	1	"FILE_NAMES_INFORMATION"	"/UserMode/Undocumented Functions/NT Objects/File/FILE_NAMES_INFORMATION.html"
6	1	"FILE_NETWORK_OPEN_INFORMATION"	"/UserMode/Undocumented Functions/NT Objects/File/FILE_NETWORK_OPEN_INFORMATION.html"
6	1	"FILE_NOTIFY_INFORMATION"	"/UserMode/Undocumented Functions/NT Objects/File/FILE_NOTIFY_INFORMATION.html"
6	1	"FILE_RENAME_INFORMATION"	"/UserMode/Undocumented Functions/NT Objects/File/FILE_RENAME_INFORMATION.html"
4	2	"IoCompletion"	""
5	1	"NtCreateIoCompletion"	"/UserMode/Undocumented Functions/NT Objects/IoCompletion/NtCreateIoCompletion.html"
5	1	"NtOpenIoCompletion"	"/UserMode/Undocumented Functions/NT Objects/IoCompletion/NtOpenIoCompletion.html"
5	1	"NtQueryIoCompletion"	"/UserMode/Undocumented Functions/NT Objects/IoCompletion/NtQueryIoCompletion.html"
5	1	"NtRemoveIoCompletion"	"/UserMode/Undocumented Functions/NT Objects/IoCompletion/NtRemoveIoCompletion.html"
5	1	"NtSetIoCompletion"	"/UserMode/Undocumented Functions/NT Objects/IoCompletion/NtSetIoCompletion.html"
5	2	"Enumerations"	""
6	1	"IO_COMPLETION_INFORMATION_CLASS"	"/UserMode/Undocumented Functions/NT Objects/IoCompletion/IO_COMPLETION_INFORMATION_CLASS.html"
5	2	"Structures"	""
6	1	"IO_COMPLETION_BASIC_INFORMATION"	"/UserMode/Undocumented Functions/NT Objects/IoCompletion/IO_COMPLETION_BASIC_INFORMATION.html"
4	2	"Key"	""
5	1	"NtCompactKeys"	"/UserMode/Undocumented Functions/NT Objects/Key/NtCompactKeys.html"
5	1	"NtCompressKey"	"/UserMode/Undocumented Functions/NT Objects/Key/NtCompressKey.html"
5	1	"NtCreateKey"	"/UserMode/Undocumented Functions/NT Objects/Key/NtCreateKey.html"
5	1	"NtDeleteKey"	"/UserMode/Undocumented Functions/NT Objects/Key/NtDeleteKey.html"
5	1	"NtDeleteValueKey"	"/UserMode/Undocumented Functions/NT Objects/Key/NtDeleteValueKey.html"
5	1	"NtEnumerateKey"	"/UserMode/Undocumented Functions/NT Objects/Key/NtEnumerateKey.html"
5	1	"NtEnumerateValueKey"	"/UserMode/Undocumented Functions/NT Objects/Key/NtEnumerateValueKey.html"
5	1	"NtFlushKey"	"/UserMode/Undocumented Functions/NT Objects/Key/NtFlushKey.html"
5	1	"NtLoadKey"	"/UserMode/Undocumented Functions/NT Objects/Key/NtLoadKey.html"
5	1	"NtLoadKey2"	"/UserMode/Undocumented Functions/NT Objects/Key/NtLoadKey2.html"
5	1	"NtNotifyChangeKey"	"/UserMode/Undocumented Functions/NT Objects/Key/NtNotifyChangeKey.html"
5	1	"NtOpenKey"	"/UserMode/Undocumented Functions/NT Objects/Key/NtOpenKey.html"
5	1	"NtQueryKey"	"/UserMode/Undocumented Functions/NT Objects/Key/NtQueryKey.html"
5	1	"NtQueryMultipleValueKey"	"/UserMode/Undocumented Functions/NT Objects/Key/NtQueryMultipleValueKey.html"
5	1	"NtQueryValueKey"	"/UserMode/Undocumented Functions/NT Objects/Key/NtQueryValueKey.html"
5	1	"NtReplaceKey"	"/UserMode/Undocumented Functions/NT Objects/Key/NtReplaceKey.html"
5	1	"NtRestoreKey"	"/UserMode/Undocumented Functions/NT Objects/Key/NtRestoreKey.html"
5	1	"NtSaveKey"	"/UserMode/Undocumented Functions/NT Objects/Key/NtSaveKey.html"
5	1	"NtSetInformationKey"	"/UserMode/Undocumented Functions/NT Objects/Key/NtSetInformationKey.html"
5	1	"NtSetValueKey"	"/UserMode/Undocumented Functions/NT Objects/Key/NtSetValueKey.html"
5	1	"NtUnloadKey"	"/UserMode/Undocumented Functions/NT Objects/Key/NtUnloadKey.html"
5	1	"RtlFormatCurrentUserKeyPath"	"/UserMode/Undocumented Functions/NT Objects/Key/RtlFormatCurrentUserKeyPath.html"
5	2	"Enumerations"	""
5	2	"Structures"	""
6	1	"KEY_MULTIPLE_VALUE_INFORMATION"	"/UserMode/Undocumented Functions/NT Objects/Key/KEY_MULTIPLE_VALUE_INFORMATION.html"
4	2	"KeyedEvent"	""
5	1	"NtCreateKeyedEvent"	"/UserMode/Undocumented Functions/NT Objects/KeyedEvent/NtCreateKeyedEvent.html"
5	1	"NtOpenKeyedEvent"	"/UserMode/Undocumented Functions/NT Objects/KeyedEvent/NtOpenKeyedEvent.html"
5	1	"NtReleaseKeyedEvent"	"/UserMode/Undocumented Functions/NT Objects/KeyedEvent/NtReleaseKeyedEvent.html"
5	1	"NtWaitForKeyedEvent"	"/UserMode/Undocumented Functions/NT Objects/KeyedEvent/NtWaitForKeyedEvent.html"
4	2	"Mutant"	""
5	1	"NtCreateMutant"	"/UserMode/Undocumented Functions/NT Objects/Mutant/NtCreateMutant.html"
5	1	"NtOpenMutant"	"/UserMode/Undocumented Functions/NT Objects/Mutant/NtOpenMutant.html"
5	1	"NtQueryMutant"	"/UserMode/Undocumented Functions/NT Objects/Mutant/NtQueryMutant.html"
5	1	"NtReleaseMutant"	"/UserMode/Undocumented Functions/NT Objects/Mutant/NtReleaseMutant.html"
5	2	"Enumerations"	""
5	2	"Structures"	""
6	1	"MUTANT_BASIC_INFORMATION"	"/UserMode/Structures/MUTANT_BASIC_INFORMATION.html"
4	2	"Port"	""
5	1	"NtAcceptConnectPort"	"/UserMode/Undocumented Functions/NT Objects/Port/NtAcceptConnectPort.html"
5	1	"NtCompleteConnectPort"	"/UserMode/Undocumented Functions/NT Objects/Port/NtCompleteConnectPort.html"
5	1	"NtConnectPort"	"/UserMode/Undocumented Functions/NT Objects/Port/NtConnectPort.html"
5	1	"NtCreatePort"	"/UserMode/Undocumented Functions/NT Objects/Port/NtCreatePort.html"
5	1	"NtImpersonateClientOfPort"	"/UserMode/Undocumented Functions/NT Objects/Port/NtImpersonateClientOfPort.html"
5	1	"NtListenPort"	"/UserMode/Undocumented Functions/NT Objects/Port/NtListenPort.html"
5	1	"NtQueryInformationPort"	"/UserMode/Undocumented Functions/NT Objects/Port/NtQueryInformationPort.html"
5	1	"NtReadRequestData"	"/UserMode/Undocumented Functions/NT Objects/Port/NtReadRequestData.html"
5	1	"NtReplyPort"	"/UserMode/Undocumented Functions/NT Objects/Port/NtReplyPort.html"
5	1	"NtReplyWaitReceivePort"	"/UserMode/Undocumented Functions/NT Objects/Port/NtReplyWaitReceivePort.html"
5	1	"NtReplyWaitReplyPort"	"/UserMode/Undocumented Functions/NT Objects/Port/NtReplyWaitReplyPort.html"
5	1	"NtRequestPort"	"/UserMode/Undocumented Functions/NT Objects/Port/NtRequestPort.html"
5	1	"NtRequestWaitReplyPort"	"/UserMode/Undocumented Functions/NT Objects/Port/NtRequestWaitReplyPort.html"
5	1	"NtWriteRequestData"	"/UserMode/Undocumented Functions/NT Objects/Port/NtWriteRequestData.html"
5	2	"Enumerations"	""
6	1	"PORT_INFORMATION_CLASS"	"/UserMode/Undocumented Functions/NT Objects/Port/PORT_INFORMATION_CLASS.html"
5	2	"Structures"	""
6	1	"LPC_MESSAGE"	"/UserMode/Undocumented Functions/NT Objects/Port/LPC_MESSAGE.html"
6	1	"LPC_SECTION_MEMORY"	"/UserMode/Undocumented Functions/NT Objects/Port/LPC_SECTION_MEMORY.html"
6	1	"LPC_SECTION_OWNER_MEMORY"	"/UserMode/Undocumented Functions/NT Objects/Port/LPC_SECTION_OWNER_MEMORY.html"
6	1	"LPC_TERMINATION_MESSAGE"	"/UserMode/Undocumented Functions/NT Objects/Port/LPC_TERMINATION_MESSAGE.html"
4	2	"Process"	""
5	1	"NtCreateProcess"	"/UserMode/Undocumented Functions/NT Objects/Process/NtCreateProcess.html"
5	1	"NtFlushInstructionCache"	"/UserMode/Undocumented Functions/NT Objects/Process/NtFlushInstructionCache.html"
5	1	"NtOpenProcess"	"/UserMode/Undocumented Functions/NT Objects/Process/NtOpenProcess.html"
5	1	"NtQueryInformationProcess"	"/UserMode/Undocumented Functions/NT Objects/Process/NtQueryInformationProcess.html"
5	1	"NtSetInformationProcess"	"/UserMode/Undocumented Functions/NT Objects/Process/NtSetInformationProcess.html"
5	1	"NtTerminateProcess"	"/UserMode/Undocumented Functions/NT Objects/Process/NtTerminateProcess.html"
5	1	"RtlCreateUserProcess"	"/UserMode/Undocumented Functions/Executable Images/RtlCreateUserProcess.html"
5	2	"Enumerations"	""
6	1	"PROCESS_INFORMATION_CLASS"	"/UserMode/Undocumented Functions/NT Objects/Process/PROCESS_INFORMATION_CLASS.html"
5	2	"Structures"	""
6	1	"PEB"	"/UserMode/Undocumented Functions/NT Objects/Process/PEB.html"
6	1	"PEB_FREE_BLOCK"	"/UserMode/Undocumented Functions/NT Objects/Process/PEB_FREE_BLOCK.html"
6	1	"PEB_LDR_DATA"	"/UserMode/Structures/PEB_LDR_DATA.html"
6	1	"POOLED_USAGE_AND_LIMITS"	"/UserMode/Undocumented Functions/NT Objects/Process/POOLED_USAGE_AND_LIMITS.html"
6	1	"PROCESS_ACCESS_TOKEN"	"/UserMode/Undocumented Functions/NT Objects/Process/PROCESS_ACCESS_TOKEN.html"
6	1	"PROCESS_WS_WATCH_INFORMATION"	"/UserMode/Undocumented Functions/NT Objects/Process/PROCESS_WS_WATCH_INFORMATION.html"
6	1	"RTL_USER_PROCESS_PARAMETERS"	"/UserMode/Structures/RTL_USER_PROCESS_PARAMETERS.html"
6	1	"RTL_USER_PROCESS_INFORMATION"	"/UserMode/Structures/RTL_USER_PROCESS_INFORMATION.html"
6	1	"RTL_DRIVE_LETTER_CURDIR"	"/UserMode/Structures/RTL_DRIVE_LETTER_CURDIR.html"
6	1	"LDR_MODULE"	"/UserMode/Structures/LDR_MODULE.html"
4	2	"Profile"	""
5	1	"NtCreateProfile"	"/UserMode/Undocumented Functions/NT Objects/Profile/NtCreateProfile.html"
5	1	"NtQueryIntervalProfile"	"/UserMode/Undocumented Functions/NT Objects/Profile/NtQueryIntervalProfile.html"
5	1	"NtSetIntervalProfile"	"/UserMode/Undocumented Functions/NT Objects/Profile/NtSetIntervalProfile.html"
5	1	"NtStartProfile"	"/UserMode/Undocumented Functions/NT Objects/Profile/NtStartProfile.html"
5	1	"NtStopProfile"	"/UserMode/Undocumented Functions/NT Objects/Profile/NtStopProfile.html"
5	2	"Enumerations"	""
6	1	"KPROFILE_SOURCE"	"/UserMode/Undocumented Functions/NT Objects/Profile/KPROFILE_SOURCE.html"
5	2	"Structures"	""
4	2	"Section"	""
5	1	"NtCreateSection"	"/UserMode/Undocumented Functions/NT Objects/Section/NtCreateSection.html"
5	1	"NtExtendSection"	"/UserMode/Undocumented Functions/NT Objects/Section/NtExtendSection.html"
5	1	"NtMapViewOfSection"	"/UserMode/Undocumented Functions/NT Objects/Section/NtMapViewOfSection.html"
5	1	"NtOpenSection"	"/UserMode/Undocumented Functions/NT Objects/Section/NtOpenSection.html"
5	1	"NtQuerySection"	"/UserMode/Undocumented Functions/NT Objects/Section/NtQuerySection.html"
5	1	"NtUnmapViewOfSection"	"/UserMode/Undocumented Functions/NT Objects/Section/NtUnmapViewOfSection.html"
5	2	"Enumerations"	""
6	1	"SECTION_INFORMATION_CLASS"	"/UserMode/Undocumented Functions/NT Objects/Section/SECTION_INFORMATION_CLASS.html"
6	1	"SECTION_INHERIT"	"/UserMode/Undocumented Functions/NT Objects/Section/SECTION_INHERIT.html"
5	2	"Structures"	""
6	1	"SECTION_BASIC_INFORMATION"	"/UserMode/Structures/SECTION_BASIC_INFORMATION.html"
6	1	"SECTION_IMAGE_INFORMATION"	"/UserMode/Structures/SECTION_IMAGE_INFORMATION.html"
4	2	"Semaphore"	""
5	1	"NtCreateSemaphore"	"/UserMode/Undocumented Functions/NT Objects/Semaphore/NtCreateSemaphore.html"
5	1	"NtOpenSemaphore"	"/UserMode/Undocumented Functions/NT Objects/Semaphore/NtOpenSemaphore.html"
5	1	"NtQuerySemaphore"	"/UserMode/Undocumented Functions/NT Objects/Semaphore/NtQuerySemaphore.html"
5	1	"NtReleaseSemaphore"	"/UserMode/Undocumented Functions/NT Objects/Semaphore/NtReleaseSemaphore.html"
5	2	"Enumerations"	""
6	1	"SEMAPHORE_INFORMATION_CLASS"	"/UserMode/Undocumented Functions/NT Objects/Semaphore/SEMAPHORE_INFORMATION_CLASS.html"
5	2	"Structures"	""
6	1	"SEMAPHORE_BASIC_INFORMATION"	"/UserMode/Undocumented Functions/NT Objects/Semaphore/SEMAPHORE_BASIC_INFORMATION.html"
4	2	"SymbolicLink"	""
5	1	"NtCreateSymbolicLinkObject"	"/UserMode/Undocumented Functions/NT Objects/Symbolic Link/NtCreateSymbolicLinkObject.html"
5	1	"NtOpenSymbolicLinkObject"	"/UserMode/Undocumented Functions/NT Objects/Symbolic Link/NtOpenSymbolicLinkObject.html"
5	1	"NtQuerySymbolicLinkObject"	"/UserMode/Undocumented Functions/NT Objects/Symbolic Link/NtQuerySymbolicLinkObject.html"
4	2	"Thread"	""
5	2	"Thread Context"	""
6	1	"NtGetContextThread"	"/UserMode/Undocumented Functions/NT Objects/Thread/Thread Context/NtGetContextThread.html"
6	1	"NtSetContextThread"	"/UserMode/Undocumented Functions/NT Objects/Thread/Thread Context/NtSetContextThread.html"
6	1	"RtlInitializeContext"	"/UserMode/Undocumented Functions/NT Objects/Thread/Thread Context/RtlInitializeContext.html"
5	1	"NtAlertResumeThread"	"/UserMode/Undocumented Functions/NT Objects/Thread/NtAlertResumeThread.html"
5	1	"NtContinue"	"/UserMode/Undocumented Functions/NT Objects/Thread/NtContinue.html"
5	1	"NtCreateThread"	"/UserMode/Undocumented Functions/NT Objects/Thread/NtCreateThread.html"
5	1	"NtCurrentTeb"	"/UserMode/Undocumented Functions/NT Objects/Thread/NtCurrentTeb.html"
5	1	"NtDelayExecution"	"/UserMode/Undocumented Functions/NT Objects/Thread/NtDelayExecution.html"
5	1	"NtImpersonateThread"	"/UserMode/Undocumented Functions/NT Objects/Thread/NtImpersonateThread.html"
5	1	"NtOpenThread"	"/UserMode/Undocumented Functions/NT Objects/Thread/NtOpenThread.html"
5	1	"NtQueryInformationThread"	"/UserMode/Undocumented Functions/NT Objects/Thread/NtQueryInformationThread.html"
5	1	"NtRegisterThreadTerminatePort"	"/UserMode/Undocumented Functions/NT Objects/Thread/NtRegisterThreadTerminatePort.html"
5	1	"NtResumeThread"	"/UserMode/Undocumented Functions/NT Objects/Thread/NtResumeThread.html"
5	1	"NtSetInformationThread"	"/UserMode/Undocumented Functions/NT Objects/Thread/NtSetInformationThread.html"
5	1	"NtSuspendThread"	"/UserMode/Undocumented Functions/NT Objects/Thread/NtSuspendThread.html"
5	1	"NtTerminateThread"	"/UserMode/Undocumented Functions/NT Objects/Thread/NtTerminateThread.html"
5	1	"NtYieldExecution"	"/UserMode/Undocumented Functions/NT Objects/Thread/NtYieldExecution.html"
5	1	"RtlCreateUserThread"	"/UserMode/Undocumented Functions/Executable Images/RtlCreateUserThread.html"
5	2	"Enumerations"	""
6	1	"THREAD_INFORMATION_CLASS"	"/UserMode/Undocumented Functions/NT Objects/Thread/THREAD_INFORMATION_CLASS.html"
5	2	"Structures"	""
6	1	"INITIAL_TEB"	"/UserMode/Structures/INITIAL_TEB.html"
6	1	"TEB"	"/UserMode/Undocumented Functions/NT Objects/Thread/TEB.html"
6	1	"THREAD_BASIC_INFORMATION"	"/UserMode/Structures/THREAD_BASIC_INFORMATION.html"
6	1	"THREAD_TIMES_INFORMATION"	"/UserMode/Structures/THREAD_TIMES_INFORMATION.html"
4	2	"Timer"	""
5	1	"NtCancelTimer"	"/UserMode/Undocumented Functions/NT Objects/Timer/NtCancelTimer.html"
5	1	"NtCreateTimer"	"/UserMode/Undocumented Functions/NT Objects/Timer/NtCreateTimer.html"
5	1	"NtOpenTimer"	"/UserMode/Undocumented Functions/NT Objects/Timer/NtOpenTimer.html"
5	1	"NtQueryTimer"	"/UserMode/Undocumented Functions/NT Objects/Timer/NtQueryTimer.html"
5	1	"NtSetTimer"	"/UserMode/Undocumented Functions/NT Objects/Timer/NtSetTimer.html"
5	2	"Enumerations"	""
6	1	"TIMER_INFORMATION_CLASS"	"/UserMode/Undocumented Functions/NT Objects/Timer/TIMER_INFORMATION_CLASS.html"
5	2	"Structures"	""
6	1	"TIMER_BASIC_INFORMATION"	"/UserMode/Undocumented Functions/NT Objects/Timer/TIMER_BASIC_INFORMATION.html"
4	2	"Token"	""
5	1	"NtAdjustGroupsToken"	"/UserMode/Undocumented Functions/NT Objects/Token/NtAdjustGroupsToken.html"
5	1	"NtAdjustPrivilegesToken"	"/UserMode/Undocumented Functions/NT Objects/Token/NtAdjustPrivilegesToken.html"
5	1	"NtCreateToken"	"/UserMode/Undocumented Functions/NT Objects/Token/NtCreateToken.html"
5	1	"NtDuplicateToken"	"/UserMode/Undocumented Functions/NT Objects/Token/NtDuplicateToken.html"
5	1	"NtOpenProcessToken"	"/UserMode/Undocumented Functions/NT Objects/Token/NtOpenProcessToken.html"
5	1	"NtOpenThreadToken"	"/UserMode/Undocumented Functions/NT Objects/Token/NtOpenThreadToken.html"
5	1	"NtQueryInformationToken"	"/UserMode/Undocumented Functions/NT Objects/Token/NtQueryInformationToken.html"
5	1	"NtSetInformationToken"	"/UserMode/Undocumented Functions/NT Objects/Token/NtSetInformationToken.html"
5	2	"Enumerations"	""
5	2	"Structures"	""
3	2	"Security"	""
4	2	"Audit Alarms"	""
5	1	"NtAccessCheckAndAuditAlarm"	"/UserMode/Undocumented Functions/Security/NtAccessCheckAndAuditAlarm.html"
5	1	"NtCloseObjectAuditAlarm"	"/UserMode/Undocumented Functions/Security/NtCloseObjectAuditAlarm.html"
5	1	"NtDeleteObjectAuditAlarm"	"/UserMode/Undocumented Functions/Security/NtDeleteObjectAuditAlarm.html"
5	1	"NtOpenObjectAuditAlarm"	"/UserMode/Undocumented Functions/Security/NtOpenObjectAuditAlarm.html"
5	1	"NtPrivilegeObjectAuditAlarm"	"/UserMode/Undocumented Functions/Security/NtPrivilegeObjectAuditAlarm.html"
5	1	"NtPrivilegedServiceAuditAlarm"	"/UserMode/Undocumented Functions/Security/NtPrivilegedServiceAuditAlarm.html"
4	1	"NtAccessCheck"	"/UserMode/Undocumented Functions/Security/NtAccessCheck.html"
4	1	"NtAllocateLocallyUniqueId"	"/UserMode/Undocumented Functions/Security/NtAllocateLocallyUniqueId.html"
4	1	"NtAllocateUuids"	"/UserMode/Undocumented Functions/Security/NtAllocateUuids.html"
4	1	"NtPrivilegeCheck"	"/UserMode/Undocumented Functions/NT Objects/Token/NtPrivilegeCheck.html"
4	1	"NtQuerySecurityObject"	"/UserMode/Undocumented Functions/Security/NtQuerySecurityObject.html"
4	1	"NtSetSecurityObject"	"/UserMode/Undocumented Functions/Security/NtSetSecurityObject.html"
3	2	"System Information"	""
4	1	"NtQuerySystemInformation"	"/UserMode/Undocumented Functions/System Information/NtQuerySystemInformation.html"
4	1	"NtSetSystemInformation"	"/UserMode/Undocumented Functions/System Information/NtSetSystemInformation.html"
4	2	"Enumerations"	""
5	1	"SYSTEM_INFORMATION_CLASS"	"/UserMode/Undocumented Functions/System Information/SYSTEM_INFORMATION_CLASS.html"
4	2	"Structures"	""
5	1	"SYSTEM_MODULE"	"/UserMode/Structures/SYSTEM_MODULE.html"
5	1	"SYSTEM_MODULE_INFORMATION"	"/UserMode/Structures/SYSTEM_MODULE_INFORMATION.html"
5	1	"SYSTEM_PAGEFILE_INFORMATION"	"/UserMode/Undocumented Functions/System Information/Structures/SYSTEM_PAGEFILE_INFORMATION.html"
5	1	"SYSTEM_PROCESS_INFORMATION"	"/UserMode/Undocumented Functions/System Information/Structures/SYSTEM_PROCESS_INFORMATION.html"
5	1	"SYSTEM_REGISTRY_QUOTA_INFORMATION"	"/UserMode/Structures/SYSTEM_REGISTRY_QUOTA_INFORMATION.html"
5	1	"SYSTEM_THREAD"	"/UserMode/Undocumented Functions/System Information/Structures/SYSTEM_THREAD.html"
3	2	"Time"	""
4	1	"NtGetTickCount"	"/UserMode/Undocumented Functions/Time/NtGetTickCount.html"
4	1	"NtQueryPerformanceCounter"	"/UserMode/Undocumented Functions/Time/NtQueryPerformanceCounter.html"
4	1	"NtQuerySystemTime"	"/UserMode/Undocumented Functions/Time/NtQuerySystemTime.html"
4	1	"NtQueryTimerResolution"	"/UserMode/Undocumented Functions/Time/NtQueryTimerResolution.html"
4	1	"NtSetSystemTime"	"/UserMode/Undocumented Functions/Time/NtSetSystemTime.html"
4	1	"NtSetTimerResolution"	"/UserMode/Undocumented Functions/Time/NtSetTimerResolution.html"
4	1	"RtlTimeFieldsToTime"	"/UserMode/Undocumented Functions/Time/RtlTimeFieldsToTime.html"
4	1	"RtlTimeToTimeFields"	"/UserMode/Undocumented Functions/Time/RtlTimeToTimeFields.html"
4	2	"Enumerations"	""
4	2	"Structures"	""
5	1	"TIME_FIELDS"	"/UserMode/Undocumented Functions/Time/TIME_FIELDS.html"
